<?xml version="1.0" encoding="UTF-8"?>
<!-- Generated by org.testng.reporters.JUnitReportReporter -->
<testsuite hostname="PC-qiaojiafei" name="com.test.TestUsernameIsTrue" tests="3" failures="0" timestamp="20 Jan 2016 10:31:44 GMT" time="0.364" errors="0">
  <testcase name="istrue" time="0.110" classname="com.test.TestUsernameIsTrue"/>
  <testcase name="istrue" time="0.161" classname="com.test.TestUsernameIsTrue"/>
  <testcase name="istrue" time="0.093" classname="com.test.TestUsernameIsTrue"/>
</testsuite> <!-- com.test.TestUsernameIsTrue -->
