<?xml version="1.0" encoding="UTF-8"?>
<!-- Generated by org.testng.reporters.JUnitReportReporter -->
<testsuite hostname="PC-qiaojiafei" name="com.core.test.TestXiaoBai" tests="1" failures="0" timestamp="2 Mar 2016 04:16:24 GMT" time="0.216" errors="0">
  <testcase name="testxb" time="0.216" classname="com.core.test.TestXiaoBai"/>
</testsuite> <!-- com.core.test.TestXiaoBai -->
