<?xml version="1.0" encoding="UTF-8"?>
<!-- Generated by org.testng.reporters.JUnitReportReporter -->
<testsuite hostname="PC-qiaojiafei" name="com.data.TestT" tests="2" failures="0" timestamp="20 Jan 2016 06:33:45 GMT" time="0.006" errors="0">
  <testcase name="login" time="0.006" classname="com.data.TestT"/>
  <testcase name="login" time="0.000" classname="com.data.TestT"/>
</testsuite> <!-- com.data.TestT -->
