<?xml version="1.0" encoding="UTF-8"?>
<!-- Generated by org.testng.reporters.JUnitReportReporter -->
<testsuite hostname="PC-qiaojiafei" name="com.test.TestBuyPlan" tests="1" failures="0" timestamp="25 Jan 2016 09:28:35 GMT" time="0.445" errors="0">
  <testcase name="setpaypwd" time="0.445" classname="com.test.TestBuyPlan"/>
</testsuite> <!-- com.test.TestBuyPlan -->
