<?xml version="1.0" encoding="UTF-8"?>
<!-- Generated by org.testng.reporters.JUnitReportReporter -->
<testsuite hostname="PC-qiaojiafei" name="com.test.TestLogin" tests="1" failures="0" timestamp="3 Feb 2016 10:44:52 GMT" time="0.213" errors="0">
  <testcase name="login" time="0.213" classname="com.test.TestLogin"/>
</testsuite> <!-- com.test.TestLogin -->
