<?xml version="1.0" encoding="UTF-8"?>
<!-- Generated by org.testng.reporters.JUnitReportReporter -->
<testsuite hostname="PC-qiaojiafei" name="com.test.TestDrawCash" tests="1" failures="0" timestamp="26 Jan 2016 09:36:39 GMT" time="0.292" errors="0">
  <testcase name="setpaypwd" time="0.292" classname="com.test.TestDrawCash"/>
</testsuite> <!-- com.test.TestDrawCash -->
