<?xml version="1.0" encoding="UTF-8"?>
<!-- Generated by org.testng.reporters.JUnitReportReporter -->
<testsuite hostname="PC-qiaojiafei" name="com.core.test.TestXiaoBai" tests="1" failures="0" timestamp="4 Mar 2016 04:02:22 GMT" time="0.313" errors="0">
  <testcase name="testxb" time="0.313" classname="com.core.test.TestXiaoBai"/>
</testsuite> <!-- com.core.test.TestXiaoBai -->
