<?xml version="1.0" encoding="UTF-8"?>
<!-- Generated by org.testng.reporters.JUnitReportReporter -->
<testsuite hostname="PC-qiaojiafei" name="com.test.TestChongZhi" tests="1" failures="0" timestamp="26 Jan 2016 09:16:34 GMT" time="1.141" errors="0">
  <testcase name="chongzhi" time="1.141" classname="com.test.TestChongZhi"/>
</testsuite> <!-- com.test.TestChongZhi -->
