<?xml version="1.0" encoding="UTF-8"?>
<!-- Generated by org.testng.reporters.JUnitReportReporter -->
<testsuite hostname="PC-qiaojiafei" name="com.data.TestParameters" tests="1" failures="0" timestamp="14 Jan 2016 06:27:24 GMT" time="0.006" errors="0">
  <testcase name="paraFromDPA" time="0.006" classname="com.data.TestParameters"/>
</testsuite> <!-- com.data.TestParameters -->
