<?xml version="1.0" encoding="UTF-8"?>
<!-- Generated by org.testng.reporters.JUnitReportReporter -->
<testsuite hostname="PC-qiaojiafei" name="com.test.TestSetPaypwd" tests="1" failures="0" timestamp="3 Feb 2016 10:45:11 GMT" time="0.243" errors="0">
  <testcase name="setpaypwd" time="0.243" classname="com.test.TestSetPaypwd"/>
</testsuite> <!-- com.test.TestSetPaypwd -->
